[2017-06-15 00:54:27 ^3607.1]	ERROR	zm_deactivate_swoole (ERROR 503): Fatal error: Uncaught ErrorException: swoole_websocket_server::push(): fd[0] is invalid. in /private/var/www/html/webim/app/Console/Commands/Swoole/WebSocket.php:76
Stack trace:
#0 [internal function]: Illuminate\Foundation\Bootstrap\HandleExceptions->handleError(2, 'swoole_websocke...', '/private/var/ww...', 76, Array)
#1 /private/var/www/html/webim/app/Console/Commands/Swoole/WebSocket.php(76): swoole_websocket_server->push(0, '{"cmd":"fromMsg...')
#2 [internal function]
[2017-06-15 00:54:27 $3606.0]	WARNING	swManager_check_exit_status: worker#1 abnormal exit, status=255, signal=0
[2017-06-15 01:02:08 #3683.0]	WARNING	swSignal_callback: signal[1] callback is null.
[2017-06-15 01:02:08 $3687.0]	WARNING	swSignal_callback: signal[1] callback is null.
[2017-06-15 01:02:08 *3689.0]	WARNING	swSignal_callback: signal[1] callback is null.
[2017-06-15 01:02:09 *3689.0]	ERROR	zm_deactivate_swoole (ERROR 503): Fatal error: Uncaught Predis\Response\ServerException: ERR wrong number of arguments for 'mget' command in /private/var/www/html/webim/vendor/predis/predis/src/Client.php:370
Stack trace:
#0 /private/var/www/html/webim/vendor/predis/predis/src/Client.php(335): Predis\Client->onErrorResponse(Object(Predis\Command\StringGetMultiple), Object(Predis\Response\Error))
#1 /private/var/www/html/webim/vendor/predis/predis/src/Client.php(314): Predis\Client->executeCommand(Object(Pr
[2017-06-15 01:02:09 $3687.0]	WARNING	swManager_check_exit_status: worker#0 abnormal exit, status=255, signal=0
[2017-06-15 01:02:23 #3683.0]	NOTICE	Server is shutdown now.
[2017-06-15 19:02:17 *6420.0]	ERROR	zm_deactivate_swoole (ERROR 503): Fatal error: Uncaught Predis\Response\ServerException: ERR wrong number of arguments for 'mget' command in /private/var/www/html/webim/vendor/predis/predis/src/Client.php:370
Stack trace:
#0 /private/var/www/html/webim/vendor/predis/predis/src/Client.php(335): Predis\Client->onErrorResponse(Object(Predis\Command\StringGetMultiple), Object(Predis\Response\Error))
#1 /private/var/www/html/webim/vendor/predis/predis/src/Client.php(314): Predis\Client->executeCommand(Object(Pr
[2017-06-15 19:02:17 $6418.0]	WARNING	swManager_check_exit_status: worker#0 abnormal exit, status=255, signal=0
[2017-06-15 19:02:26 #6414.0]	WARNING	swSignal_callback: signal[1] callback is null.
[2017-06-15 19:02:26 $6418.0]	WARNING	swSignal_callback: signal[1] callback is null.
[2017-06-15 19:02:26 *6429.0]	WARNING	swSignal_callback: signal[1] callback is null.
[2017-06-15 19:02:26 #6414.0]	WARNING	swSignal_callback: signal[1] callback is null.
[2017-06-15 19:02:26 $6418.0]	WARNING	swSignal_callback: signal[1] callback is null.
[2017-06-15 19:13:36 #6414.0]	NOTICE	Server is shutdown now.
